# JRE version: OpenJDK Runtime Environment Temurin-17.0.7+7 (17.0.7+7) (build 17.0.7+7)
# Java VM: OpenJDK 64-Bit Server VM Temurin-17.0.7+7 (17.0.7+7, mixed mode, emulated-client, sharing, tiered, compressed oops, compressed class ptrs, g1 gc, windows-amd64)
GC Precious Log:
 CPUs: 8 total, 8 available
 Memory: 7916M
 Large Page Support: Disabled
 NUMA Support: Disabled
 Compressed Oops: Enabled (32-bit)
 Heap Region Size: 1M
 Heap Min Capacity: 8M
 Heap Initial Capacity: 124M
 Heap Max Capacity: 1G
 Pre-touch: Disabled
 Parallel Workers: 8
 Concurrent Workers: 2
 Concurrent Refinement Workers: 8
 Periodic GC: Disabled
Heap:
 garbage-first heap   total 61440K, used 18321K [0x00000000c0000000, 0x0000000100000000)
  region size 1024K, 1 young (1024K), 0 survivors (0K)
 Metaspace       used 29509K, committed 30080K, reserved 1114112K
  class space    used 3983K, committed 4224K, reserved 1048576K
GC Heap History (20 events):
Event: 16692.326 GC heap before
{Heap before GC invocations=1619 (full 1613):
 garbage-first heap   total 61440K, used 18321K [0x00000000c0000000, 0x0000000100000000)
  region size 1024K, 1 young (1024K), 0 survivors (0K)
 Metaspace       used 29509K, committed 30080K, reserved 1114112K
  class space    used 3983K, committed 4224K, reserved 1048576K
}
Event: 16692.368 GC heap after
{Heap after GC invocations=1620 (full 1614):
 garbage-first heap   total 61440K, used 18321K [0x00000000c0000000, 0x0000000100000000)
  region size 1024K, 0 young (0K), 0 survivors (0K)
 Metaspace       used 29509K, committed 30080K, reserved 1114112K
  class space    used 3983K, committed 4224K, reserved 1048576K
}
Event: 16702.707 GC heap before
{Heap before GC invocations=1620 (full 1614):
 garbage-first heap   total 61440K, used 18321K [0x00000000c0000000, 0x0000000100000000)
  region size 1024K, 1 young (1024K), 0 survivors (0K)
 Metaspace       used 29509K, committed 30080K, reserved 1114112K
  class space    used 3983K, committed 4224K, reserved 1048576K
}
Event: 16702.748 GC heap after
{Heap after GC invocations=1621 (full 1615):
 garbage-first heap   total 61440K, used 18321K [0x00000000c0000000, 0x0000000100000000)
  region size 1024K, 0 young (0K), 0 survivors (0K)
 Metaspace       used 29509K, committed 30080K, reserved 1114112K
  class space    used 3983K, committed 4224K, reserved 1048576K
}
Event: 16713.560 GC heap before
{Heap before GC invocations=1621 (full 1615):
 garbage-first heap   total 61440K, used 18321K [0x00000000c0000000, 0x0000000100000000)
  region size 1024K, 1 young (1024K), 0 survivors (0K)
 Metaspace       used 29509K, committed 30080K, reserved 1114112K
  class space    used 3983K, committed 4224K, reserved 1048576K
}
Event: 16713.609 GC heap after
{Heap after GC invocations=1622 (full 1616):
 garbage-first heap   total 61440K, used 18321K [0x00000000c0000000, 0x0000000100000000)
  region size 1024K, 0 young (0K), 0 survivors (0K)
 Metaspace       used 29509K, committed 30080K, reserved 1114112K
  class space    used 3983K, committed 4224K, reserved 1048576K
}
Event: 16723.946 GC heap before
{Heap before GC invocations=1622 (full 1616):
 garbage-first heap   total 61440K, used 18321K [0x00000000c0000000, 0x0000000100000000)
  region size 1024K, 1 young (1024K), 0 survivors (0K)
 Metaspace       used 29509K, committed 30080K, reserved 1114112K
  class space    used 3983K, committed 4224K, reserved 1048576K
}
Event: 16723.989 GC heap after
{Heap after GC invocations=1623 (full 1617):
 garbage-first heap   total 61440K, used 18321K [0x00000000c0000000, 0x0000000100000000)
  region size 1024K, 0 young (0K), 0 survivors (0K)
 Metaspace       used 29509K, committed 30080K, reserved 1114112K
  class space    used 3983K, committed 4224K, reserved 1048576K
}
Event: 16734.382 GC heap before
{Heap before GC invocations=1623 (full 1617):
 garbage-first heap   total 61440K, used 18321K [0x00000000c0000000, 0x0000000100000000)
  region size 1024K, 1 young (1024K), 0 survivors (0K)
 Metaspace       used 29509K, committed 30080K, reserved 1114112K
  class space    used 3983K, committed 4224K, reserved 1048576K
}
Event: 16734.424 GC heap after
{Heap after GC invocations=1624 (full 1618):
 garbage-first heap   total 61440K, used 18321K [0x00000000c0000000, 0x0000000100000000)
  region size 1024K, 0 young (0K), 0 survivors (0K)
 Metaspace       used 29509K, committed 30080K, reserved 1114112K
  class space    used 3983K, committed 4224K, reserved 1048576K
}
Event: 16744.829 GC heap before
{Heap before GC invocations=1624 (full 1618):
 garbage-first heap   total 61440K, used 18321K [0x00000000c0000000, 0x0000000100000000)
  region size 1024K, 1 young (1024K), 0 survivors (0K)
 Metaspace       used 29509K, committed 30080K, reserved 1114112K
  class space    used 3983K, committed 4224K, reserved 1048576K
}
Event: 16744.876 GC heap after
{Heap after GC invocations=1625 (full 1619):
 garbage-first heap   total 61440K, used 18321K [0x00000000c0000000, 0x0000000100000000)
  region size 1024K, 0 young (0K), 0 survivors (0K)
 Metaspace       used 29509K, committed 30080K, reserved 1114112K
  class space    used 3983K, committed 4224K, reserved 1048576K
}
Event: 16755.284 GC heap before
{Heap before GC invocations=1625 (full 1619):
 garbage-first heap   total 61440K, used 18321K [0x00000000c0000000, 0x0000000100000000)
  region size 1024K, 1 young (1024K), 0 survivors (0K)
 Metaspace       used 29509K, committed 30080K, reserved 1114112K
  class space    used 3983K, committed 4224K, reserved 1048576K
}
Event: 16755.337 GC heap after
{Heap after GC invocations=1626 (full 1620):
 garbage-first heap   total 61440K, used 18321K [0x00000000c0000000, 0x0000000100000000)
  region size 1024K, 0 young (0K), 0 survivors (0K)
 Metaspace       used 29509K, committed 30080K, reserved 1114112K
  class space    used 3983K, committed 4224K, reserved 1048576K
}
Event: 16765.731 GC heap before
{Heap before GC invocations=1626 (full 1620):
 garbage-first heap   total 61440K, used 18321K [0x00000000c0000000, 0x0000000100000000)
  region size 1024K, 1 young (1024K), 0 survivors (0K)
 Metaspace       used 29509K, committed 30080K, reserved 1114112K
  class space    used 3983K, committed 4224K, reserved 1048576K
}
Event: 16765.775 GC heap after
{Heap after GC invocations=1627 (full 1621):
 garbage-first heap   total 61440K, used 18321K [0x00000000c0000000, 0x0000000100000000)
  region size 1024K, 0 young (0K), 0 survivors (0K)
 Metaspace       used 29509K, committed 30080K, reserved 1114112K
  class space    used 3983K, committed 4224K, reserved 1048576K
}
Event: 16776.143 GC heap before
{Heap before GC invocations=1627 (full 1621):
 garbage-first heap   total 61440K, used 18321K [0x00000000c0000000, 0x0000000100000000)
  region size 1024K, 1 young (1024K), 0 survivors (0K)
 Metaspace       used 29509K, committed 30080K, reserved 1114112K
  class space    used 3983K, committed 4224K, reserved 1048576K
}
Event: 16776.185 GC heap after
{Heap after GC invocations=1628 (full 1622):
 garbage-first heap   total 61440K, used 18321K [0x00000000c0000000, 0x0000000100000000)
  region size 1024K, 0 young (0K), 0 survivors (0K)
 Metaspace       used 29509K, committed 30080K, reserved 1114112K
  class space    used 3983K, committed 4224K, reserved 1048576K
}
Event: 16787.755 GC heap before
{Heap before GC invocations=1628 (full 1622):
 garbage-first heap   total 61440K, used 18321K [0x00000000c0000000, 0x0000000100000000)
  region size 1024K, 1 young (1024K), 0 survivors (0K)
 Metaspace       used 29509K, committed 30080K, reserved 1114112K
  class space    used 3983K, committed 4224K, reserved 1048576K
}
Event: 16787.803 GC heap after
{Heap after GC invocations=1629 (full 1623):
 garbage-first heap   total 61440K, used 18321K [0x00000000c0000000, 0x0000000100000000)
  region size 1024K, 0 young (0K), 0 survivors (0K)
 Metaspace       used 29509K, committed 30080K, reserved 1114112K
  class space    used 3983K, committed 4224K, reserved 1048576K
}

