# JRE version: OpenJDK Runtime Environment Temurin-17.0.7+7 (17.0.7+7) (build 17.0.7+7)
# Java VM: OpenJDK 64-Bit Server VM Temurin-17.0.7+7 (17.0.7+7, mixed mode, emulated-client, sharing, tiered, compressed oops, compressed class ptrs, g1 gc, windows-amd64)
GC Precious Log:
 CPUs: 8 total, 8 available
 Memory: 7916M
 Large Page Support: Disabled
 NUMA Support: Disabled
 Compressed Oops: Enabled (32-bit)
 Heap Region Size: 1M
 Heap Min Capacity: 8M
 Heap Initial Capacity: 124M
 Heap Max Capacity: 1G
 Pre-touch: Disabled
 Parallel Workers: 8
 Concurrent Workers: 2
 Concurrent Refinement Workers: 8
 Periodic GC: Disabled
Heap:
 garbage-first heap   total 304128K, used 90538K [0x00000000c0000000, 0x0000000100000000)
  region size 1024K, 1 young (1024K), 0 survivors (0K)
 Metaspace       used 68806K, committed 69440K, reserved 1114112K
  class space    used 9489K, committed 9792K, reserved 1048576K
GC Heap History (20 events):
Event: 175295.869 GC heap before
{Heap before GC invocations=8623 (full 4470):
 garbage-first heap   total 304128K, used 90538K [0x00000000c0000000, 0x0000000100000000)
  region size 1024K, 1 young (1024K), 0 survivors (0K)
 Metaspace       used 68806K, committed 69440K, reserved 1114112K
  class space    used 9489K, committed 9792K, reserved 1048576K
}
Event: 175295.978 GC heap after
{Heap after GC invocations=8624 (full 4471):
 garbage-first heap   total 304128K, used 90538K [0x00000000c0000000, 0x0000000100000000)
  region size 1024K, 0 young (0K), 0 survivors (0K)
 Metaspace       used 68806K, committed 69440K, reserved 1114112K
  class space    used 9489K, committed 9792K, reserved 1048576K
}
Event: 175306.200 GC heap before
{Heap before GC invocations=8624 (full 4471):
 garbage-first heap   total 304128K, used 90538K [0x00000000c0000000, 0x0000000100000000)
  region size 1024K, 1 young (1024K), 0 survivors (0K)
 Metaspace       used 68806K, committed 69440K, reserved 1114112K
  class space    used 9489K, committed 9792K, reserved 1048576K
}
Event: 175306.294 GC heap after
{Heap after GC invocations=8625 (full 4472):
 garbage-first heap   total 304128K, used 90538K [0x00000000c0000000, 0x0000000100000000)
  region size 1024K, 0 young (0K), 0 survivors (0K)
 Metaspace       used 68806K, committed 69440K, reserved 1114112K
  class space    used 9489K, committed 9792K, reserved 1048576K
}
Event: 175316.505 GC heap before
{Heap before GC invocations=8625 (full 4472):
 garbage-first heap   total 304128K, used 90538K [0x00000000c0000000, 0x0000000100000000)
  region size 1024K, 1 young (1024K), 0 survivors (0K)
 Metaspace       used 68806K, committed 69440K, reserved 1114112K
  class space    used 9489K, committed 9792K, reserved 1048576K
}
Event: 175316.608 GC heap after
{Heap after GC invocations=8626 (full 4473):
 garbage-first heap   total 304128K, used 90538K [0x00000000c0000000, 0x0000000100000000)
  region size 1024K, 0 young (0K), 0 survivors (0K)
 Metaspace       used 68806K, committed 69440K, reserved 1114112K
  class space    used 9489K, committed 9792K, reserved 1048576K
}
Event: 175326.865 GC heap before
{Heap before GC invocations=8626 (full 4473):
 garbage-first heap   total 304128K, used 90538K [0x00000000c0000000, 0x0000000100000000)
  region size 1024K, 1 young (1024K), 0 survivors (0K)
 Metaspace       used 68806K, committed 69440K, reserved 1114112K
  class space    used 9489K, committed 9792K, reserved 1048576K
}
Event: 175326.974 GC heap after
{Heap after GC invocations=8627 (full 4474):
 garbage-first heap   total 304128K, used 90538K [0x00000000c0000000, 0x0000000100000000)
  region size 1024K, 0 young (0K), 0 survivors (0K)
 Metaspace       used 68806K, committed 69440K, reserved 1114112K
  class space    used 9489K, committed 9792K, reserved 1048576K
}
Event: 175337.206 GC heap before
{Heap before GC invocations=8627 (full 4474):
 garbage-first heap   total 304128K, used 90538K [0x00000000c0000000, 0x0000000100000000)
  region size 1024K, 1 young (1024K), 0 survivors (0K)
 Metaspace       used 68806K, committed 69440K, reserved 1114112K
  class space    used 9489K, committed 9792K, reserved 1048576K
}
Event: 175337.316 GC heap after
{Heap after GC invocations=8628 (full 4475):
 garbage-first heap   total 304128K, used 90538K [0x00000000c0000000, 0x0000000100000000)
  region size 1024K, 0 young (0K), 0 survivors (0K)
 Metaspace       used 68806K, committed 69440K, reserved 1114112K
  class space    used 9489K, committed 9792K, reserved 1048576K
}
Event: 175347.621 GC heap before
{Heap before GC invocations=8628 (full 4475):
 garbage-first heap   total 304128K, used 90538K [0x00000000c0000000, 0x0000000100000000)
  region size 1024K, 1 young (1024K), 0 survivors (0K)
 Metaspace       used 68806K, committed 69440K, reserved 1114112K
  class space    used 9489K, committed 9792K, reserved 1048576K
}
Event: 175347.724 GC heap after
{Heap after GC invocations=8629 (full 4476):
 garbage-first heap   total 304128K, used 90538K [0x00000000c0000000, 0x0000000100000000)
  region size 1024K, 0 young (0K), 0 survivors (0K)
 Metaspace       used 68806K, committed 69440K, reserved 1114112K
  class space    used 9489K, committed 9792K, reserved 1048576K
}
Event: 175358.036 GC heap before
{Heap before GC invocations=8629 (full 4476):
 garbage-first heap   total 304128K, used 90538K [0x00000000c0000000, 0x0000000100000000)
  region size 1024K, 1 young (1024K), 0 survivors (0K)
 Metaspace       used 68806K, committed 69440K, reserved 1114112K
  class space    used 9489K, committed 9792K, reserved 1048576K
}
Event: 175358.138 GC heap after
{Heap after GC invocations=8630 (full 4477):
 garbage-first heap   total 304128K, used 90538K [0x00000000c0000000, 0x0000000100000000)
  region size 1024K, 0 young (0K), 0 survivors (0K)
 Metaspace       used 68806K, committed 69440K, reserved 1114112K
  class space    used 9489K, committed 9792K, reserved 1048576K
}
Event: 175368.448 GC heap before
{Heap before GC invocations=8630 (full 4477):
 garbage-first heap   total 304128K, used 90538K [0x00000000c0000000, 0x0000000100000000)
  region size 1024K, 1 young (1024K), 0 survivors (0K)
 Metaspace       used 68806K, committed 69440K, reserved 1114112K
  class space    used 9489K, committed 9792K, reserved 1048576K
}
Event: 175368.537 GC heap after
{Heap after GC invocations=8631 (full 4478):
 garbage-first heap   total 304128K, used 90538K [0x00000000c0000000, 0x0000000100000000)
  region size 1024K, 0 young (0K), 0 survivors (0K)
 Metaspace       used 68806K, committed 69440K, reserved 1114112K
  class space    used 9489K, committed 9792K, reserved 1048576K
}
Event: 175378.817 GC heap before
{Heap before GC invocations=8631 (full 4478):
 garbage-first heap   total 304128K, used 90538K [0x00000000c0000000, 0x0000000100000000)
  region size 1024K, 1 young (1024K), 0 survivors (0K)
 Metaspace       used 68806K, committed 69440K, reserved 1114112K
  class space    used 9489K, committed 9792K, reserved 1048576K
}
Event: 175378.907 GC heap after
{Heap after GC invocations=8632 (full 4479):
 garbage-first heap   total 304128K, used 90538K [0x00000000c0000000, 0x0000000100000000)
  region size 1024K, 0 young (0K), 0 survivors (0K)
 Metaspace       used 68806K, committed 69440K, reserved 1114112K
  class space    used 9489K, committed 9792K, reserved 1048576K
}
Event: 175389.194 GC heap before
{Heap before GC invocations=8632 (full 4479):
 garbage-first heap   total 304128K, used 90538K [0x00000000c0000000, 0x0000000100000000)
  region size 1024K, 1 young (1024K), 0 survivors (0K)
 Metaspace       used 68806K, committed 69440K, reserved 1114112K
  class space    used 9489K, committed 9792K, reserved 1048576K
}
Event: 175389.296 GC heap after
{Heap after GC invocations=8633 (full 4480):
 garbage-first heap   total 304128K, used 90538K [0x00000000c0000000, 0x0000000100000000)
  region size 1024K, 0 young (0K), 0 survivors (0K)
 Metaspace       used 68806K, committed 69440K, reserved 1114112K
  class space    used 9489K, committed 9792K, reserved 1048576K
}

